<?xml version="1.0" encoding="UTF-8"?>
<!-- Generated by org.testng.reporters.JUnitReportReporter -->
<testsuite hostname="VaibhavBY" failures="0" tests="2" name="tests.ClassAB" time="8.167" errors="0" timestamp="2024-02-19T22:22:22 IST" skipped="0">
  <testcase classname="tests.ClassAB" name="QW" time="1.035"/>
  <testcase classname="tests.ClassAB" name="ER" time="7.132"/>
</testsuite> <!-- tests.ClassAB -->
