<?xml version="1.0" encoding="UTF-8"?>
<!-- Generated by org.testng.reporters.JUnitReportReporter -->
<testsuite hostname="VaibhavBY" failures="0" tests="3" name="tests.ClassA" time="10.545" errors="0" timestamp="2024-02-19T22:22:22 IST" skipped="0">
  <testcase classname="tests.ClassA" name="OpenC" time="5.373"/>
  <testcase classname="tests.ClassA" name="OpenA" time="1.322"/>
  <testcase classname="tests.ClassA" name="OpenB" time="3.850"/>
</testsuite> <!-- tests.ClassA -->
